<?xml version="1.0" encoding="UTF-8"?>
<!-- Generated by org.testng.reporters.JUnitXMLReporter -->
<testsuite hostname="user-PC" name="Test" tests="11" failures="2" timestamp="4 Apr 2020 19:54:27 GMT" time="0.07" errors="0">
  <testcase name="homepageTest" time="0.008" classname="retryLogicFailed.retryFailedTest">
    <skipped/>
  </testcase> <!-- homepageTest -->
  <testcase name="homepageTest" time="0.001" classname="retryLogicFailed.retryFailedTest">
    <skipped/>
  </testcase> <!-- homepageTest -->
  <testcase name="homepageTest" time="0.002" classname="retryLogicFailed.retryFailedTest">
    <skipped/>
  </testcase> <!-- homepageTest -->
  <testcase name="homepageTest" time="0.002" classname="retryLogicFailed.retryFailedTest">
    <skipped/>
  </testcase> <!-- homepageTest -->
  <testcase name="homepageTest" time="0.001" classname="retryLogicFailed.retryFailedTest">
    <failure type="java.lang.AssertionError" message="expected [true] but found [false]">
      <![CDATA[java.lang.AssertionError: expected [true] but found [false]
	at retryLogicFailed.retryFailedTest.homepageTest(retryFailedTest.java:19)
... Removed 28 stack frames]]>
    </failure>
  </testcase> <!-- homepageTest -->
  <testcase name="loginTest" time="0.001" classname="retryLogicFailed.retryFailedTest">
    <skipped/>
  </testcase> <!-- loginTest -->
  <testcase name="loginTest" time="0.001" classname="retryLogicFailed.retryFailedTest">
    <skipped/>
  </testcase> <!-- loginTest -->
  <testcase name="loginTest" time="0.001" classname="retryLogicFailed.retryFailedTest">
    <skipped/>
  </testcase> <!-- loginTest -->
  <testcase name="loginTest" time="0.001" classname="retryLogicFailed.retryFailedTest">
    <skipped/>
  </testcase> <!-- loginTest -->
  <testcase name="loginTest" time="0.0" classname="retryLogicFailed.retryFailedTest">
    <failure type="java.lang.AssertionError" message="expected [true] but found [false]">
      <![CDATA[java.lang.AssertionError: expected [true] but found [false]
	at retryLogicFailed.retryFailedTest.loginTest(retryFailedTest.java:24)
... Removed 28 stack frames]]>
    </failure>
  </testcase> <!-- loginTest -->
  <testcase name="verifyTitleTest" time="0.0" classname="retryLogicFailed.retryFailedTest"/>
</testsuite> <!-- Test -->
