<?xml version="1.0" encoding="UTF-8"?>
<!-- Generated by org.testng.reporters.JUnitXMLReporter -->
<testsuite hostname="user-PC" name="Yahoo App test" tests="3" failures="0" timestamp="24 Mar 2020 17:55:40 GMT" time="13.635" errors="0">
  <testcase name="yahooTest" time="13.586" classname="NewPractise.parametersTestNG"/>
  <testcase name="testMethod" time="0.011" classname="NewPractise.testngSample"/>
  <testcase name="testmethod2" time="0.001" classname="NewPractise.testngSample"/>
</testsuite> <!-- Yahoo App test -->
