<?xml version="1.0" encoding="UTF-8"?>
<!-- Generated by org.testng.reporters.JUnitXMLReporter -->
<testsuite hostname="user-PC" name="Sprint1" tests="3" failures="2" timestamp="12 Apr 2018 16:32:29 GMT" time="0.04" errors="0">
  <testcase name="testHRM" time="0.013" classname="com.failedtestcases.Testcase3"/>
  <testcase name="testTwitter" time="0.003" classname="com.failedtestcases.Testcase2">
    <failure type="java.lang.AssertionError" message="expected [true] but found [false]">
      <![CDATA[java.lang.AssertionError: expected [true] but found [false]
	at com.failedtestcases.Testcase2.testTwitter(Testcase2.java:10)
... Removed 28 stack frames]]>
    </failure>
  </testcase> <!-- testTwitter -->
  <testcase name="testFB" time="0.002" classname="com.failedtestcases.Testcase1">
    <failure type="java.lang.AssertionError" message="expected [true] but found [false]">
      <![CDATA[java.lang.AssertionError: expected [true] but found [false]
	at com.failedtestcases.Testcase1.testFB(Testcase1.java:10)
... Removed 28 stack frames]]>
    </failure>
  </testcase> <!-- testFB -->
</testsuite> <!-- Sprint1 -->
